('Input ID', 'MDCKSIAT2_E3')
('longest match', 'MDCKSIAT')
('longest match', 'MDCKSIAT2')
('current ID', '_E3')
('longest match', 'E3')
('current ID', '_')
['MDCKSIAT2', 'E3']
[0, 10]
ordering matches...
('initial order', [0, 10])
('final order', ['MDCKSIAT2', 'E3'])
done ordering
reformatting
reformatting
reformatting
reformatting
reformatting
reformatting
reformatting
reformatting
reformatting
reformatting
reformatting
reformatting
reformatting
reformatting
reformatting
reformatting
reformatting
reformatting
reformatting
reformatting
reformatting
reformatting
reformatting
reformatting
reformatting
reformatting
reformatting
reformatting
reformatting
reformatting
reformatting
reformatting
reformatting
reformatting
reformatting
reformatting
reformatting
reformatting
reformatting
reformatting
reformatting
reformatting
reformatting
reformatting
reformatting
reformatting
('S2_E3', 'reformate')
('Input ID', 'MDCKSIAT2_E3')
('longest match', 'MDCKSIAT')
('longest match', 'MDCKSIAT2')
('current ID', '_E3')
('longest match', 'E3')
('current ID', '_')
['MDCKSIAT2', 'E3']
[0, 10]
ordering matches...
('initial order', [0, 10])
('final order', ['MDCKSIAT2', 'E3'])
done ordering
reformatting
reformatting
reformatting
reformatting
reformatting
reformatting
reformatting
reformatting
reformatting
reformatting
reformatting
reformatting
reformatting
reformatting
reformatting
reformatting
reformatting
reformatting
reformatting
reformatting
reformatting
reformatting
reformatting
reformatting
reformatting
reformatting
reformatting
reformatting
reformatting
reformatting
reformatting
reformatting
reformatting
reformatting
reformatting
reformatting
reformatting
reformatting
reformatting
reformatting
reformatting
reformatting
reformatting
reformatting
reformatting
reformatting
('S2_E3', 'reformate')
('Input ID', 'MDCKSIAT2_E3')
('longest match', 'MDCKSIAT')
('longest match', 'MDCKSIAT2')
('current ID', '_E3')
('longest match', 'E3')
('current ID', '_')
['MDCKSIAT2', 'E3']
[0, 10]
ordering matches...
('initial order', [0, 10])
('final order', ['MDCKSIAT2', 'E3'])
done ordering
reformatting
reformatting
reformatting
reformatting
reformatting
reformatting
reformatting
reformatting
reformatting
reformatting
reformatting
reformatting
reformatting
reformatting
reformatting
reformatting
reformatting
reformatting
reformatting
reformatting
reformatting
reformatting
reformatting
reformatting
reformatting
reformatting
reformatting
reformatting
reformatting
reformatting
reformatting
reformatting
reformatting
reformatting
reformatting
reformatting
reformatting
reformatting
reformatting
reformatting
reformatting
reformatting
reformatting
reformatting
reformatting
reformatting
('S2_E3', 'reformate')
('Input ID', 'MDCKSIAT2_E3')
('longest match', 'MDCKSIAT')
('longest match', 'MDCKSIAT2')
('current ID', '_E3')
('longest match', 'E3')
('current ID', '_')
['MDCKSIAT2', 'E3']
[0, 10]
ordering matches...
('initial order', [0, 10])
('final order', ['MDCKSIAT2', 'E3'])
done ordering
reformatting
reformatting
reformatting
reformatting
reformatting
reformatting
reformatting
reformatting
reformatting
reformatting
reformatting
reformatting
reformatting
reformatting
reformatting
reformatting
reformatting
reformatting
reformatting
reformatting
reformatting
reformatting
reformatting
reformatting
reformatting
reformatting
reformatting
reformatting
reformatting
reformatting
reformatting
reformatting
reformatting
reformatting
reformatting
reformatting
reformatting
reformatting
reformatting
reformatting
reformatting
reformatting
reformatting
reformatting
reformatting
reformatting
('S2_E3', 'reformate')
('Input ID', 'MDCKSIAT2_E3')
('longest match', 'MDCKSIAT')
('longest match', 'MDCKSIAT2')
('current ID', '_E3')
('longest match', 'E3')
('current ID', '_')
['MDCKSIAT2', 'E3']
[0, 10]
ordering matches...
('initial order', [0, 10])
('final order', ['MDCKSIAT2', 'E3'])
done ordering
reformatting
reformatting
reformatting
reformatting
reformatting
reformatting
reformatting
reformatting
reformatting
reformatting
reformatting
reformatting
reformatting
reformatting
reformatting
reformatting
reformatting
reformatting
reformatting
reformatting
reformatting
reformatting
reformatting
reformatting
reformatting
reformatting
reformatting
reformatting
reformatting
reformatting
reformatting
reformatting
reformatting
reformatting
reformatting
reformatting
reformatting
reformatting
reformatting
reformatting
reformatting
reformatting
reformatting
reformatting
reformatting
reformatting
('S2_E3', 'reformate')
('Input ID', 'MDCKSIAT2_E3')
('longest match', 'MDCKSIAT')
('longest match', 'MDCKSIAT2')
('current ID', '_E3')
('longest match', 'E3')
('current ID', '_')
['MDCKSIAT2', 'E3']
[0, 10]
ordering matches...
('initial order', [0, 10])
('final order', ['MDCKSIAT2', 'E3'])
done ordering
reformatting
reformatting
reformatting
reformatting
reformatting
reformatting
reformatting
reformatting
reformatting
reformatting
reformatting
reformatting
reformatting
reformatting
reformatting
reformatting
reformatting
reformatting
reformatting
reformatting
reformatting
reformatting
reformatting
reformatting
reformatting
reformatting
reformatting
reformatting
reformatting
reformatting
reformatting
reformatting
reformatting
reformatting
reformatting
reformatting
reformatting
reformatting
reformatting
reformatting
reformatting
reformatting
reformatting
reformatting
reformatting
reformatting
('S2_E3', 'reformate')
('Input ID', 'MDCKSIAT2_E3')
('longest match', 'MDCKSIAT')
('longest match', 'MDCKSIAT2')
('current ID', '_E3')
('longest match', 'E3')
('current ID', '_')
['MDCKSIAT2', 'E3']
[0, 10]
ordering matches...
('initial order', [0, 10])
('final order', ['MDCKSIAT2', 'E3'])
done ordering
reformatting
reformatting
reformatting
reformatting
reformatting
reformatting
reformatting
reformatting
reformatting
reformatting
reformatting
reformatting
reformatting
reformatting
reformatting
reformatting
reformatting
reformatting
reformatting
reformatting
reformatting
reformatting
reformatting
reformatting
reformatting
reformatting
reformatting
reformatting
reformatting
reformatting
reformatting
reformatting
reformatting
reformatting
reformatting
reformatting
reformatting
reformatting
reformatting
reformatting
reformatting
reformatting
reformatting
reformatting
reformatting
reformatting
('S2_E3', 'reformate')
('Input ID', 'MDCKSIAT2_E3')
('longest match', 'MDCKSIAT')
('longest match', 'MDCKSIAT2')
('current ID', '_E3')
('longest match', 'E3')
('current ID', '_')
['MDCKSIAT2', 'E3']
[0, 10]
ordering matches...
('initial order', [0, 10])
('final order', ['MDCKSIAT2', 'E3'])
done ordering
reformatting
reformatting
reformatting
reformatting
reformatting
reformatting
reformatting
reformatting
reformatting
reformatting
reformatting
reformatting
reformatting
reformatting
reformatting
reformatting
reformatting
reformatting
reformatting
reformatting
reformatting
reformatting
reformatting
reformatting
reformatting
reformatting
reformatting
reformatting
reformatting
reformatting
reformatting
reformatting
reformatting
reformatting
reformatting
reformatting
reformatting
reformatting
reformatting
reformatting
reformatting
reformatting
reformatting
reformatting
reformatting
reformatting
('S2_E3', 'reformate')
