('longest', 'MDCKSIAT')
('longest', 'MDCKSIAT2')
_E8
('longest', 'E8')
_
['MDCKSIAT2', 'E8']
[0, 10]
ordering...
[0, 10]
['MDCKSIAT2', 'E8']
done ordering
('MDCKSIAT2', ['CANINECELL', 'SIAT', '2'])
('E8', ['EGG', 'EGG', '8'])
('MDCKSIAT2', ['SIAT2'])
('E8', ['SIAT2', 'E8'])
['SIAT2_E8', 'CANINECELL+EGG', 'SIAT+EGG', 'exactly', '10']
('longest', 'MDCKSIAT')
('longest', 'MDCKSIAT2')
_E3
('longest', 'E3')
_
['MDCKSIAT2', 'E3']
[0, 10]
ordering...
[0, 10]
['MDCKSIAT2', 'E3']
done ordering
('MDCKSIAT2', ['CANINECELL', 'SIAT', '2'])
('E3', ['EGG', 'EGG', '3'])
('MDCKSIAT2', ['SIAT2'])
('E3', ['SIAT2', 'E3'])
['SIAT2_E3', 'CANINECELL+EGG', 'SIAT+EGG', 'exactly', '5']
('longest', 'MDCKSIAT')
('longest', 'MDCKSIAT2')
_E8
('longest', 'E8')
_
['MDCKSIAT2', 'E8']
[0, 10]
ordering...
[0, 10]
['MDCKSIAT2', 'E8']
done ordering
('MDCKSIAT2', ['CANINECELL', 'SIAT', '2'])
('E8', ['EGG', 'EGG', '8'])
('MDCKSIAT2', ['SIAT2'])
('E8', ['SIAT2', 'E8'])
['SIAT2_E8', 'CANINECELL+EGG', 'SIAT+EGG', 'exactly', '10']
('longest', 'MDCKSIAT')
('longest', 'MDCKSIAT2')
_E3
('longest', 'E3')
_
['MDCKSIAT2', 'E3']
[0, 10]
ordering...
[0, 10]
['MDCKSIAT2', 'E3']
done ordering
('MDCKSIAT2', ['CANINECELL', 'SIAT', '2'])
('E3', ['EGG', 'EGG', '3'])
('MDCKSIAT2', ['SIAT2'])
('E3', ['SIAT2', 'E3'])
['SIAT2_E3', 'CANINECELL+EGG', 'SIAT+EGG', 'exactly', '5']
('longest', 'MDCKSIAT')
('longest', 'MDCKSIAT2')
_E8
('longest', 'E8')
_
['MDCKSIAT2', 'E8']
[0, 10]
ordering...
[0, 10]
['MDCKSIAT2', 'E8']
done ordering
('MDCKSIAT2', ['CANINECELL', 'SIAT', '2'])
('E8', ['EGG', 'EGG', '8'])
('MDCKSIAT2', ['SIAT2'])
('E8', ['SIAT2', 'E8'])
['SIAT2_E8', 'CANINECELL+EGG', 'SIAT+EGG', 'exactly', '10']
('longest', 'MDCKSIAT')
('longest', 'MDCKSIAT2')
_E3
('longest', 'E3')
_
['MDCKSIAT2', 'E3']
[0, 10]
ordering...
[0, 10]
['MDCKSIAT2', 'E3']
done ordering
('MDCKSIAT2', ['CANINECELL', 'SIAT', '2'])
('E3', ['EGG', 'EGG', '3'])
('MDCKSIAT2', ['SIAT2'])
('E3', ['SIAT2', 'E3'])
['SIAT2_E3', 'CANINECELL+EGG', 'SIAT+EGG', 'exactly', '5']
